Started GET "/" for 127.0.0.1 at 2022-01-28 15:31:48 +0100
  [1m[35m (3.1ms)[0m  [1m[34mSELECT sqlite_version(*)[0m
Processing by Rails::WelcomeController#index as HTML
  Rendering C:/Ruby26-x64/lib/ruby/gems/2.6.0/gems/railties-6.1.4.4/lib/rails/templates/rails/welcome/index.html.erb
  Rendered C:/Ruby26-x64/lib/ruby/gems/2.6.0/gems/railties-6.1.4.4/lib/rails/templates/rails/welcome/index.html.erb (Duration: 6.4ms | Allocations: 513)
Completed 200 OK in 41ms (Views: 14.8ms | ActiveRecord: 0.0ms | Allocations: 4396)


Started GET "/home" for 127.0.0.1 at 2022-01-28 15:32:03 +0100
  
ActionController::RoutingError (No route matches [GET] "/home"):
  
Started GET "/" for 127.0.0.1 at 2022-01-28 15:33:36 +0100
  [1m[35m (0.4ms)[0m  [1m[34mSELECT sqlite_version(*)[0m
Processing by Rails::WelcomeController#index as HTML
  Rendering C:/Ruby26-x64/lib/ruby/gems/2.6.0/gems/railties-6.1.4.4/lib/rails/templates/rails/welcome/index.html.erb
  Rendered C:/Ruby26-x64/lib/ruby/gems/2.6.0/gems/railties-6.1.4.4/lib/rails/templates/rails/welcome/index.html.erb (Duration: 4.8ms | Allocations: 389)
Completed 200 OK in 22ms (Views: 8.2ms | ActiveRecord: 0.0ms | Allocations: 3238)


Started GET "/home" for 127.0.0.1 at 2022-01-28 15:33:45 +0100
Processing by HomeController#index as HTML
  Rendering layout layouts/application.html.erb
  Rendering home/index.html.erb within layouts/application
  Rendered home/index.html.erb within layouts/application (Duration: 5.6ms | Allocations: 115)
[Webpacker] Compiling...
[Webpacker] Compiled all packs in C:/Users/theod/Desktop/FullStack/TestRuby/airbnb/public/packs
[Webpacker] warning ..\..\..\..\package.json: No license field

[Webpacker] Hash: 2034dd941d5476d8645c
Version: webpack 4.46.0
Time: 1626ms
Built at: 28/01/2022 15:33:49
                                     Asset       Size       Chunks                         Chunk Names
    js/application-3dd0dc24d9c39bc09227.js    125 KiB  application  [emitted] [immutable]  application
js/application-3dd0dc24d9c39bc09227.js.map    139 KiB  application  [emitted] [dev]        application
                             manifest.json  364 bytes               [emitted]              
Entrypoint application = js/application-3dd0dc24d9c39bc09227.js js/application-3dd0dc24d9c39bc09227.js.map
[./app/javascript/channels sync recursive _channel\.js$] ./app/javascript/channels sync _channel\.js$ 160 bytes {application} [built]
[./app/javascript/channels/index.js] 211 bytes {application} [built]
[./app/javascript/packs/application.js] 492 bytes {application} [built]
[./node_modules/webpack/buildin/module.js] (webpack)/buildin/module.js 552 bytes {application} [built]
    + 3 hidden modules

  Rendered layout layouts/application.html.erb (Duration: 4106.9ms | Allocations: 17823)
Completed 200 OK in 4115ms (Views: 4112.6ms | ActiveRecord: 0.0ms | Allocations: 19073)


Started GET "/home" for 127.0.0.1 at 2022-01-28 15:34:34 +0100
Started GET "/" for 127.0.0.1 at 2022-01-28 15:34:34 +0100
  [1m[35m (0.5ms)[0m  [1m[34mSELECT sqlite_version(*)[0m
Processing by HomeController#index as HTML
  Rendering layout layouts/application.html.erb
  Rendering home/index.html.erb within layouts/application
  Rendered home/index.html.erb within layouts/application (Duration: 0.7ms | Allocations: 241)
Processing by Rails::WelcomeController#index as HTML
  Rendering C:/Ruby26-x64/lib/ruby/gems/2.6.0/gems/railties-6.1.4.4/lib/rails/templates/rails/welcome/index.html.erb
  Rendered C:/Ruby26-x64/lib/ruby/gems/2.6.0/gems/railties-6.1.4.4/lib/rails/templates/rails/welcome/index.html.erb (Duration: 4.0ms | Allocations: 458)
Completed 200 OK in 9ms (Views: 5.5ms | ActiveRecord: 0.0ms | Allocations: 1779)


[Webpacker] Everything's up-to-date. Nothing to do
  Rendered layout layouts/application.html.erb (Duration: 77.1ms | Allocations: 10073)
Completed 200 OK in 95ms (Views: 82.6ms | ActiveRecord: 0.0ms | Allocations: 12976)


Started GET "/" for 127.0.0.1 at 2022-01-28 15:34:40 +0100
Processing by Rails::WelcomeController#index as HTML
  Rendering C:/Ruby26-x64/lib/ruby/gems/2.6.0/gems/railties-6.1.4.4/lib/rails/templates/rails/welcome/index.html.erb
  Rendered C:/Ruby26-x64/lib/ruby/gems/2.6.0/gems/railties-6.1.4.4/lib/rails/templates/rails/welcome/index.html.erb (Duration: 4.0ms | Allocations: 223)
Completed 200 OK in 7ms (Views: 5.4ms | ActiveRecord: 0.0ms | Allocations: 991)


Started GET "/" for 127.0.0.1 at 2022-01-28 15:34:45 +0100
Processing by Rails::WelcomeController#index as HTML
  Rendering C:/Ruby26-x64/lib/ruby/gems/2.6.0/gems/railties-6.1.4.4/lib/rails/templates/rails/welcome/index.html.erb
  Rendered C:/Ruby26-x64/lib/ruby/gems/2.6.0/gems/railties-6.1.4.4/lib/rails/templates/rails/welcome/index.html.erb (Duration: 0.2ms | Allocations: 45)
Completed 200 OK in 2ms (Views: 1.2ms | ActiveRecord: 0.0ms | Allocations: 412)


Started GET "/home" for 127.0.0.1 at 2022-01-28 15:34:49 +0100
Processing by HomeController#index as HTML
  Rendering layout layouts/application.html.erb
  Rendering home/index.html.erb within layouts/application
  Rendered home/index.html.erb within layouts/application (Duration: 0.5ms | Allocations: 112)
[Webpacker] Everything's up-to-date. Nothing to do
  Rendered layout layouts/application.html.erb (Duration: 51.1ms | Allocations: 4255)
Completed 200 OK in 57ms (Views: 55.4ms | ActiveRecord: 0.0ms | Allocations: 5444)


  [1m[35m (7.5ms)[0m  [1m[34mSELECT sqlite_version(*)[0m
  [1m[35m (0.4ms)[0m  [1m[34mSELECT sqlite_version(*)[0m
  [1m[35m (14.1ms)[0m  [1m[35mCREATE TABLE "schema_migrations" ("version" varchar NOT NULL PRIMARY KEY)[0m
  [1m[35m (9.6ms)[0m  [1m[35mCREATE TABLE "ar_internal_metadata" ("key" varchar NOT NULL PRIMARY KEY, "value" varchar, "created_at" datetime(6) NOT NULL, "updated_at" datetime(6) NOT NULL)[0m
  [1m[36mActiveRecord::InternalMetadata Load (0.2ms)[0m  [1m[34mSELECT "ar_internal_metadata".* FROM "ar_internal_metadata" WHERE "ar_internal_metadata"."key" = ? LIMIT ?[0m  [["key", "environment"], ["LIMIT", 1]]
  [1m[36mTRANSACTION (0.0ms)[0m  [1m[36mbegin transaction[0m
  [1m[36mActiveRecord::InternalMetadata Create (0.7ms)[0m  [1m[32mINSERT INTO "ar_internal_metadata" ("key", "value", "created_at", "updated_at") VALUES (?, ?, ?, ?)[0m  [["key", "environment"], ["value", "development"], ["created_at", "2022-02-02 12:28:36.510008"], ["updated_at", "2022-02-02 12:28:36.510008"]]
  [1m[36mTRANSACTION (8.8ms)[0m  [1m[36mcommit transaction[0m
  [1m[35m (0.0ms)[0m  [1m[34mSELECT sqlite_version(*)[0m
  [1m[35m (0.1ms)[0m  [1m[34mSELECT "schema_migrations"."version" FROM "schema_migrations" ORDER BY "schema_migrations"."version" ASC[0m
  [1m[35m (0.4ms)[0m  [1m[34mSELECT sqlite_version(*)[0m
  [1m[35m (0.1ms)[0m  [1m[34mSELECT "schema_migrations"."version" FROM "schema_migrations" ORDER BY "schema_migrations"."version" ASC[0m
Migrating to CreateLocations (20220202123432)
  [1m[36mTRANSACTION (0.0ms)[0m  [1m[36mbegin transaction[0m
  [1m[35m (1.1ms)[0m  [1m[35mCREATE TABLE "locations" ("id" integer PRIMARY KEY AUTOINCREMENT NOT NULL, "titre" varchar, "nbChambre" integer, "nbCouchage" integer, "description" text, "ville" varchar, "rue" varchar, "numRue" integer, "lat" float, "long" float, "prix" float, "photos" text, "created_at" datetime(6) NOT NULL, "updated_at" datetime(6) NOT NULL)[0m
  [1m[36mActiveRecord::SchemaMigration Create (0.2ms)[0m  [1m[32mINSERT INTO "schema_migrations" ("version") VALUES (?)[0m  [["version", "20220202123432"]]
  [1m[36mTRANSACTION (22.6ms)[0m  [1m[36mcommit transaction[0m
  [1m[36mActiveRecord::InternalMetadata Load (0.2ms)[0m  [1m[34mSELECT "ar_internal_metadata".* FROM "ar_internal_metadata" WHERE "ar_internal_metadata"."key" = ? LIMIT ?[0m  [["key", "environment"], ["LIMIT", 1]]
  [1m[35m (0.0ms)[0m  [1m[34mSELECT sqlite_version(*)[0m
  [1m[35m (0.3ms)[0m  [1m[34mSELECT "schema_migrations"."version" FROM "schema_migrations" ORDER BY "schema_migrations"."version" ASC[0m
Started GET "/" for 127.0.0.1 at 2022-02-02 13:43:55 +0100
  [1m[35m (0.7ms)[0m  [1m[34mSELECT sqlite_version(*)[0m
  [1m[35m (0.3ms)[0m  [1m[34mSELECT "schema_migrations"."version" FROM "schema_migrations" ORDER BY "schema_migrations"."version" ASC[0m
Processing by HomeController#index as HTML
  Rendering layout layouts/application.html.erb
  Rendering home/index.html.erb within layouts/application
  Rendered home/index.html.erb within layouts/application (Duration: 13.4ms | Allocations: 237)
[Webpacker] Everything's up-to-date. Nothing to do
  Rendered layout layouts/application.html.erb (Duration: 157.7ms | Allocations: 6154)
Completed 200 OK in 250ms (Views: 184.9ms | ActiveRecord: 0.0ms | Allocations: 9034)


Started GET "/" for 127.0.0.1 at 2022-02-02 13:43:56 +0100
Processing by HomeController#index as HTML
  Rendering layout layouts/application.html.erb
  Rendering home/index.html.erb within layouts/application
  Rendered home/index.html.erb within layouts/application (Duration: 0.1ms | Allocations: 39)
[Webpacker] Everything's up-to-date. Nothing to do
  Rendered layout layouts/application.html.erb (Duration: 47.7ms | Allocations: 3986)
Completed 200 OK in 49ms (Views: 48.9ms | ActiveRecord: 0.0ms | Allocations: 4478)


Started GET "/" for 127.0.0.1 at 2022-02-02 13:44:05 +0100
Processing by HomeController#index as HTML
  Rendering layout layouts/application.html.erb
  Rendering home/index.html.erb within layouts/application
  Rendered home/index.html.erb within layouts/application (Duration: 0.1ms | Allocations: 39)
[Webpacker] Everything's up-to-date. Nothing to do
  Rendered layout layouts/application.html.erb (Duration: 47.7ms | Allocations: 4003)
Completed 200 OK in 49ms (Views: 48.7ms | ActiveRecord: 0.0ms | Allocations: 4444)


Started GET "/locations/1" for 127.0.0.1 at 2022-02-02 13:44:12 +0100
Processing by LocationsController#show as HTML
  Parameters: {"id"=>"1"}
  Rendering layout layouts/application.html.erb
  Rendering locations/show.html.erb within layouts/application
  Rendered locations/show.html.erb within layouts/application (Duration: 0.7ms | Allocations: 107)
[Webpacker] Everything's up-to-date. Nothing to do
  Rendered layout layouts/application.html.erb (Duration: 67.4ms | Allocations: 4018)
Completed 200 OK in 73ms (Views: 70.9ms | ActiveRecord: 0.0ms | Allocations: 5048)


  [1m[35m (0.4ms)[0m  [1m[34mSELECT sqlite_version(*)[0m
  [1m[36mTRANSACTION (0.0ms)[0m  [1m[36mbegin transaction[0m
  [1m[36mLocation Create (1.2ms)[0m  [1m[32mINSERT INTO "locations" ("titre", "nbChambre", "nbCouchage", "description", "ville", "rue", "numRue", "lat", "long", "prix", "photos", "created_at", "updated_at") VALUES (?, ?, ?, ?, ?, ?, ?, ?, ?, ?, ?, ?, ?)[0m  [["titre", "Maison au bord de la page"], ["nbChambre", 2], ["nbCouchage", 4], ["description", "Une maison avec 2 chambres et 4 lits a 500 mètres de la page"], ["ville", "Agde"], ["rue", "Avenue des Soldats"], ["numRue", 6], ["lat", 43.2904], ["long", 3.5195], ["prix", 800.0], ["photos", "Aucune"], ["created_at", "2022-02-02 12:59:26.502712"], ["updated_at", "2022-02-02 12:59:26.502712"]]
  [1m[36mTRANSACTION (9.2ms)[0m  [1m[36mcommit transaction[0m
  [1m[36mLocation Load (0.3ms)[0m  [1m[34mSELECT "locations".* FROM "locations" /* loading for inspect */ LIMIT ?[0m  [["LIMIT", 11]]
  [1m[35m (0.4ms)[0m  [1m[34mSELECT sqlite_version(*)[0m
  [1m[36mTRANSACTION (0.0ms)[0m  [1m[36mbegin transaction[0m
  [1m[36mLocation Create (10.8ms)[0m  [1m[32mINSERT INTO "locations" ("titre", "nbChambre", "nbCouchage", "description", "ville", "rue", "numRue", "lat", "long", "prix", "photos", "created_at", "updated_at") VALUES (?, ?, ?, ?, ?, ?, ?, ?, ?, ?, ?, ?, ?)[0m  [["titre", "Villa a la montagne"], ["nbChambre", 4], ["nbCouchage", 6], ["description", "Une petite ville avec 4 chambre dispsant de 6 lits a lamontagne"], ["ville", "Val-d'Isère"], ["rue", "Rue des Leissières"], ["numRue", 250], ["lat", 45.4471], ["long", 6.9813], ["prix", 750.0], ["photos", "Aucune"], ["created_at", "2022-02-02 13:05:03.754469"], ["updated_at", "2022-02-02 13:05:03.754469"]]
  [1m[36mTRANSACTION (31.1ms)[0m  [1m[36mcommit transaction[0m
  [1m[36mLocation Load (0.3ms)[0m  [1m[34mSELECT "locations".* FROM "locations" /* loading for inspect */ LIMIT ?[0m  [["LIMIT", 11]]
  [1m[35m (8.7ms)[0m  [1m[34mSELECT sqlite_version(*)[0m
  [1m[35m (0.2ms)[0m  [1m[34mSELECT "schema_migrations"."version" FROM "schema_migrations" ORDER BY "schema_migrations"."version" ASC[0m
  [1m[36mActiveRecord::InternalMetadata Load (0.2ms)[0m  [1m[34mSELECT "ar_internal_metadata".* FROM "ar_internal_metadata" WHERE "ar_internal_metadata"."key" = ? LIMIT ?[0m  [["key", "environment"], ["LIMIT", 1]]
  [1m[35m (0.0ms)[0m  [1m[34mSELECT sqlite_version(*)[0m
  [1m[35m (0.1ms)[0m  [1m[34mSELECT "schema_migrations"."version" FROM "schema_migrations" ORDER BY "schema_migrations"."version" ASC[0m
Started GET "/" for 127.0.0.1 at 2022-02-02 15:18:57 +0100
  [1m[35m (0.4ms)[0m  [1m[34mSELECT sqlite_version(*)[0m
  [1m[35m (0.1ms)[0m  [1m[34mSELECT "schema_migrations"."version" FROM "schema_migrations" ORDER BY "schema_migrations"."version" ASC[0m
Processing by HomeController#index as HTML
  Rendering layout layouts/application.html.erb
  Rendering home/index.html.erb within layouts/application
  Rendered home/index.html.erb within layouts/application (Duration: 10.3ms | Allocations: 402)
[Webpacker] Compiling...
[Webpacker] Compiled all packs in C:/Users/thoma/OneDrive/Documents/Cours/MASTER 2/WEB FULL STACK/airbnb_ruby/public/packs
[Webpacker] Hash: bee57a251308c78393c5
Version: webpack 4.46.0
Time: 1512ms
Built at: 2022-02-02 15:19:01
                                     Asset       Size       Chunks                         Chunk Names
    js/application-de40139d376e62241b6d.js    125 KiB  application  [emitted] [immutable]  application
js/application-de40139d376e62241b6d.js.map    139 KiB  application  [emitted] [dev]        application
                             manifest.json  364 bytes               [emitted]              
Entrypoint application = js/application-de40139d376e62241b6d.js js/application-de40139d376e62241b6d.js.map
[./app/javascript/channels sync recursive _channel\.js$] ./app/javascript/channels sync _channel\.js$ 160 bytes {application} [built]
[./app/javascript/channels/index.js] 211 bytes {application} [built]
[./app/javascript/packs/application.js] 492 bytes {application} [built]
[./node_modules/webpack/buildin/module.js] (webpack)/buildin/module.js 552 bytes {application} [built]
    + 3 hidden modules

  Rendered layout layouts/application.html.erb (Duration: 3600.2ms | Allocations: 20257)
Completed 200 OK in 3697ms (Views: 3634.7ms | ActiveRecord: 0.0ms | Allocations: 24594)


  [1m[35m (0.4ms)[0m  [1m[34mSELECT sqlite_version(*)[0m
  [1m[36mLocation Load (0.1ms)[0m  [1m[34mSELECT "locations".* FROM "locations" /* loading for inspect */ LIMIT ?[0m  [["LIMIT", 11]]
Started GET "/location" for 127.0.0.1 at 2022-02-02 15:22:46 +0100
  [1m[35m (0.4ms)[0m  [1m[34mSELECT sqlite_version(*)[0m
  [1m[35m (0.1ms)[0m  [1m[34mSELECT "schema_migrations"."version" FROM "schema_migrations" ORDER BY "schema_migrations"."version" ASC[0m
  
ActionController::RoutingError (No route matches [GET] "/location"):
  
Started GET "/location/1" for 127.0.0.1 at 2022-02-02 15:22:50 +0100
  
ActionController::RoutingError (No route matches [GET] "/location/1"):
  
Started GET "/Location/1" for 127.0.0.1 at 2022-02-02 15:22:59 +0100
  
ActionController::RoutingError (No route matches [GET] "/Location/1"):
  
Started GET "/home" for 127.0.0.1 at 2022-02-02 15:23:05 +0100
Processing by HomeController#index as HTML
  Rendering layout layouts/application.html.erb
  Rendering home/index.html.erb within layouts/application
  Rendered home/index.html.erb within layouts/application (Duration: 0.3ms | Allocations: 117)
[Webpacker] Everything's up-to-date. Nothing to do
  Rendered layout layouts/application.html.erb (Duration: 58.9ms | Allocations: 7513)
Completed 200 OK in 70ms (Views: 63.4ms | ActiveRecord: 0.0ms | Allocations: 9722)


Started GET "/location" for 127.0.0.1 at 2022-02-02 15:23:23 +0100
  
ActionController::RoutingError (No route matches [GET] "/location"):
  
Started GET "/locations" for 127.0.0.1 at 2022-02-02 15:23:27 +0100
Processing by LocationsController#index as HTML
  Rendering layout layouts/application.html.erb
  Rendering locations/index.html.erb within layouts/application
  Rendered locations/index.html.erb within layouts/application (Duration: 0.3ms | Allocations: 109)
[Webpacker] Everything's up-to-date. Nothing to do
  Rendered layout layouts/application.html.erb (Duration: 49.3ms | Allocations: 4619)
Completed 200 OK in 56ms (Views: 52.6ms | ActiveRecord: 0.0ms | Allocations: 5639)


Started GET "/locations/1" for 127.0.0.1 at 2022-02-02 15:23:33 +0100
Processing by LocationsController#show as HTML
  Parameters: {"id"=>"1"}
  [1m[36mLocation Load (0.2ms)[0m  [1m[34mSELECT "locations".* FROM "locations" WHERE "locations"."id" = ? LIMIT ?[0m  [["id", 1], ["LIMIT", 1]]
  ↳ app/controllers/locations_controller.rb:7:in `show'
  Rendering layout layouts/application.html.erb
  Rendering locations/show.html.erb within layouts/application
  Rendered locations/show.html.erb within layouts/application (Duration: 0.3ms | Allocations: 114)
[Webpacker] Everything's up-to-date. Nothing to do
  Rendered layout layouts/application.html.erb (Duration: 51.6ms | Allocations: 4661)
Completed 200 OK in 72ms (Views: 52.7ms | ActiveRecord: 6.9ms | Allocations: 15263)


Started GET "/locations/2" for 127.0.0.1 at 2022-02-02 15:23:44 +0100
Processing by LocationsController#show as HTML
  Parameters: {"id"=>"2"}
  [1m[36mLocation Load (0.2ms)[0m  [1m[34mSELECT "locations".* FROM "locations" WHERE "locations"."id" = ? LIMIT ?[0m  [["id", 2], ["LIMIT", 1]]
  ↳ app/controllers/locations_controller.rb:7:in `show'
  Rendering layout layouts/application.html.erb
  Rendering locations/show.html.erb within layouts/application
  Rendered locations/show.html.erb within layouts/application (Duration: 0.1ms | Allocations: 41)
[Webpacker] Everything's up-to-date. Nothing to do
  Rendered layout layouts/application.html.erb (Duration: 38.8ms | Allocations: 4587)
Completed 200 OK in 42ms (Views: 39.7ms | ActiveRecord: 0.2ms | Allocations: 5702)


Started GET "/locations/3" for 127.0.0.1 at 2022-02-02 15:23:48 +0100
Processing by LocationsController#show as HTML
  Parameters: {"id"=>"3"}
  [1m[36mLocation Load (0.1ms)[0m  [1m[34mSELECT "locations".* FROM "locations" WHERE "locations"."id" = ? LIMIT ?[0m  [["id", 3], ["LIMIT", 1]]
  ↳ app/controllers/locations_controller.rb:7:in `show'
Completed 404 Not Found in 2ms (ActiveRecord: 0.1ms | Allocations: 1175)


  
ActiveRecord::RecordNotFound (Couldn't find Location with 'id'=3):
  
app/controllers/locations_controller.rb:7:in `show'
Started GET "/locations" for 127.0.0.1 at 2022-02-02 15:23:54 +0100
Processing by LocationsController#index as HTML
  Rendering layout layouts/application.html.erb
  Rendering locations/index.html.erb within layouts/application
  Rendered locations/index.html.erb within layouts/application (Duration: 0.1ms | Allocations: 41)
[Webpacker] Everything's up-to-date. Nothing to do
  Rendered layout layouts/application.html.erb (Duration: 36.6ms | Allocations: 4587)
Completed 200 OK in 38ms (Views: 37.5ms | ActiveRecord: 0.0ms | Allocations: 5079)


Started GET "/locations" for 127.0.0.1 at 2022-02-02 15:35:42 +0100
Processing by LocationsController#index as HTML
  Rendering layout layouts/application.html.erb
  Rendering locations/index.html.erb within layouts/application
  Rendered locations/index.html.erb within layouts/application (Duration: 0.4ms | Allocations: 107)
[Webpacker] Everything's up-to-date. Nothing to do
  Rendered layout layouts/application.html.erb (Duration: 50.5ms | Allocations: 4851)
Completed 200 OK in 57ms (Views: 55.0ms | Allocations: 6095)


Started GET "/locations/1" for 127.0.0.1 at 2022-02-02 15:35:48 +0100
Processing by LocationsController#show as HTML
  Parameters: {"id"=>"1"}
  [1m[35m (0.1ms)[0m  [1m[34mSELECT sqlite_version(*)[0m
  ↳ app/controllers/locations_controller.rb:7:in `show'
  [1m[36mLocation Load (0.1ms)[0m  [1m[34mSELECT "locations".* FROM "locations" WHERE "locations"."id" = ? LIMIT ?[0m  [["id", 1], ["LIMIT", 1]]
  ↳ app/controllers/locations_controller.rb:7:in `show'
  Rendering layout layouts/application.html.erb
  Rendering locations/show.html.erb within layouts/application
  Rendered locations/show.html.erb within layouts/application (Duration: 10.5ms | Allocations: 3282)
  Rendered layout layouts/application.html.erb (Duration: 11.3ms | Allocations: 3367)
Completed 500 Internal Server Error in 18ms (ActiveRecord: 0.4ms | Allocations: 5250)


  
ActionView::Template::Error (undefined method `auteur' for #<Location:0x000001f70e6b0bf0>):
    4: <div> La nom de la location est de la suivant : <h2> <%= @location.titre %> <h2></div>
    5: <div> <%= @location.description %> </div>
    6: 
    7: <div> publié par : <%= @location.auteur %> </div>
  
app/views/locations/show.html.erb:7
Started GET "/locations/1" for 127.0.0.1 at 2022-02-02 15:36:06 +0100
Processing by LocationsController#show as HTML
  Parameters: {"id"=>"1"}
  [1m[36mLocation Load (0.2ms)[0m  [1m[34mSELECT "locations".* FROM "locations" WHERE "locations"."id" = ? LIMIT ?[0m  [["id", 1], ["LIMIT", 1]]
  ↳ app/controllers/locations_controller.rb:7:in `show'
  Rendering layout layouts/application.html.erb
  Rendering locations/show.html.erb within layouts/application
  Rendered locations/show.html.erb within layouts/application (Duration: 6.8ms | Allocations: 154)
[Webpacker] Everything's up-to-date. Nothing to do
  Rendered layout layouts/application.html.erb (Duration: 50.8ms | Allocations: 4900)
Completed 200 OK in 58ms (Views: 54.9ms | ActiveRecord: 0.2ms | Allocations: 6753)


Started GET "/locations/1" for 127.0.0.1 at 2022-02-02 15:38:13 +0100
Processing by LocationsController#show as HTML
  Parameters: {"id"=>"1"}
  [1m[36mLocation Load (0.2ms)[0m  [1m[34mSELECT "locations".* FROM "locations" WHERE "locations"."id" = ? LIMIT ?[0m  [["id", 1], ["LIMIT", 1]]
  ↳ app/controllers/locations_controller.rb:7:in `show'
  Rendering layout layouts/application.html.erb
  Rendering locations/show.html.erb within layouts/application
  Rendered locations/show.html.erb within layouts/application (Duration: 6.4ms | Allocations: 150)
[Webpacker] Everything's up-to-date. Nothing to do
  Rendered layout layouts/application.html.erb (Duration: 46.4ms | Allocations: 4895)
Completed 200 OK in 55ms (Views: 50.6ms | ActiveRecord: 0.2ms | Allocations: 6744)


Started GET "/locations/1" for 127.0.0.1 at 2022-02-02 15:38:28 +0100
Processing by LocationsController#show as HTML
  Parameters: {"id"=>"1"}
  [1m[36mLocation Load (0.2ms)[0m  [1m[34mSELECT "locations".* FROM "locations" WHERE "locations"."id" = ? LIMIT ?[0m  [["id", 1], ["LIMIT", 1]]
  ↳ app/controllers/locations_controller.rb:7:in `show'
  Rendering layout layouts/application.html.erb
  Rendering locations/show.html.erb within layouts/application
  Rendered locations/show.html.erb within layouts/application (Duration: 5.7ms | Allocations: 155)
[Webpacker] Everything's up-to-date. Nothing to do
  Rendered layout layouts/application.html.erb (Duration: 45.6ms | Allocations: 4901)
Completed 200 OK in 58ms (Views: 49.9ms | ActiveRecord: 0.2ms | Allocations: 6755)


Started GET "/locations/2" for 127.0.0.1 at 2022-02-02 15:38:49 +0100
Processing by LocationsController#show as HTML
  Parameters: {"id"=>"2"}
  [1m[36mLocation Load (0.4ms)[0m  [1m[34mSELECT "locations".* FROM "locations" WHERE "locations"."id" = ? LIMIT ?[0m  [["id", 2], ["LIMIT", 1]]
  ↳ app/controllers/locations_controller.rb:7:in `show'
  Rendering layout layouts/application.html.erb
  Rendering locations/show.html.erb within layouts/application
  Rendered locations/show.html.erb within layouts/application (Duration: 0.1ms | Allocations: 46)
[Webpacker] Everything's up-to-date. Nothing to do
  Rendered layout layouts/application.html.erb (Duration: 47.8ms | Allocations: 4594)
Completed 200 OK in 52ms (Views: 48.7ms | ActiveRecord: 0.4ms | Allocations: 5712)


Started GET "/locations/2" for 127.0.0.1 at 2022-02-02 15:45:43 +0100
Processing by LocationsController#show as HTML
  Parameters: {"id"=>"2"}
  [1m[35m (0.1ms)[0m  [1m[34mSELECT sqlite_version(*)[0m
  ↳ app/controllers/locations_controller.rb:7:in `show'
  [1m[36mLocation Load (0.2ms)[0m  [1m[34mSELECT "locations".* FROM "locations" WHERE "locations"."id" = ? LIMIT ?[0m  [["id", 2], ["LIMIT", 1]]
  ↳ app/controllers/locations_controller.rb:7:in `show'
  Rendering layout layouts/application.html.erb
  Rendering locations/show.html.erb within layouts/application
  Rendered locations/show.html.erb within layouts/application (Duration: 0.4ms | Allocations: 150)
[Webpacker] Everything's up-to-date. Nothing to do
  Rendered layout layouts/application.html.erb (Duration: 48.1ms | Allocations: 4857)
Completed 200 OK in 67ms (Views: 53.7ms | ActiveRecord: 0.6ms | Allocations: 14534)


Started GET "/locations" for 127.0.0.1 at 2022-02-02 15:45:45 +0100
Processing by LocationsController#index as HTML
  Rendering layout layouts/application.html.erb
  Rendering locations/index.html.erb within layouts/application
  Rendered locations/index.html.erb within layouts/application (Duration: 7.1ms | Allocations: 1130)
  Rendered layout layouts/application.html.erb (Duration: 8.0ms | Allocations: 1216)
Completed 500 Internal Server Error in 11ms (ActiveRecord: 0.0ms | Allocations: 1835)


  
ActionView::SyntaxErrorInTemplate (Encountered a syntax error while rendering template: check <% @location.each do |location| %>

    <div>Titre :<%= location.titre%> </div>
    <div>Description :<%= location.description%> </div>
    <hr>
<% send %>
):
1:    <% @location.each do |location| %>
2:    
3:        <div>Titre :<%= location.titre%> </div>
4:        <div>Description :<%= location.description%> </div>
5:        <hr>
6:    <% send %>
  
app/views/locations/index.html.erb:8: syntax error, unexpected end-of-input, expecting end
app/views/locations/index.html.erb:8: syntax error, unexpected end-of-input, expecting end
app/views/locations/index.html.erb:8: syntax error, unexpected end-of-input, expecting end
app/views/locations/index.html.erb:8: syntax error, unexpected end-of-input, expecting end
app/views/locations/index.html.erb:8: syntax error, unexpected end-of-input, expecting end
app/views/locations/index.html.erb:8: syntax error, unexpected end-of-input, expecting end
Started GET "/locations" for 127.0.0.1 at 2022-02-02 15:46:00 +0100
Processing by LocationsController#index as HTML
  Rendering layout layouts/application.html.erb
  Rendering locations/index.html.erb within layouts/application
  [1m[36mLocation Load (0.2ms)[0m  [1m[34mSELECT "locations".* FROM "locations"[0m
  ↳ app/views/locations/index.html.erb:1
  Rendered locations/index.html.erb within layouts/application (Duration: 8.1ms | Allocations: 918)
[Webpacker] Everything's up-to-date. Nothing to do
  Rendered layout layouts/application.html.erb (Duration: 47.6ms | Allocations: 5665)
Completed 200 OK in 55ms (Views: 52.7ms | ActiveRecord: 0.2ms | Allocations: 6922)


Started GET "/locations" for 127.0.0.1 at 2022-02-02 15:47:12 +0100
Processing by LocationsController#index as HTML
  Rendering layout layouts/application.html.erb
  Rendering locations/index.html.erb within layouts/application
  [1m[36mLocation Load (0.1ms)[0m  [1m[34mSELECT "locations".* FROM "locations"[0m
  ↳ app/views/locations/index.html.erb:3
  Rendered locations/index.html.erb within layouts/application (Duration: 11.9ms | Allocations: 4266)
  Rendered layout layouts/application.html.erb (Duration: 12.4ms | Allocations: 4351)
Completed 500 Internal Server Error in 18ms (ActiveRecord: 0.1ms | Allocations: 5581)


  
ActionView::Template::Error (undefined local variable or method `location' for #<ActionView::Base:0x0001f70d082c70>
Did you mean?  locatio2n
               @location):
    2: 
    3: <% @location.each do |locatio2n| %>
    4: 
    5:     <div>Titre :<%= location.titre%> </div>
    6:     <div>Description :<%= location.description%> </div>
    7:     <hr>
    8: <% end %>
  
app/views/locations/index.html.erb:5
app/views/locations/index.html.erb:3
Started GET "/locations" for 127.0.0.1 at 2022-02-02 15:48:38 +0100
Processing by LocationsController#index as HTML
  Rendering layout layouts/application.html.erb
  Rendering locations/index.html.erb within layouts/application
  [1m[36mLocation Load (0.3ms)[0m  [1m[34mSELECT "locations".* FROM "locations"[0m
  ↳ app/views/locations/index.html.erb:3
  Rendered locations/index.html.erb within layouts/application (Duration: 10.1ms | Allocations: 888)
[Webpacker] Everything's up-to-date. Nothing to do
  Rendered layout layouts/application.html.erb (Duration: 47.9ms | Allocations: 5634)
Completed 200 OK in 55ms (Views: 52.6ms | ActiveRecord: 0.3ms | Allocations: 6891)


Started GET "/locations" for 127.0.0.1 at 2022-02-02 15:51:51 +0100
Processing by LocationsController#index as HTML
  Rendering layout layouts/application.html.erb
  Rendering locations/index.html.erb within layouts/application
  [1m[36mLocation Load (0.2ms)[0m  [1m[34mSELECT "locations".* FROM "locations"[0m
  ↳ app/views/locations/index.html.erb:3
  Rendered locations/index.html.erb within layouts/application (Duration: 21.8ms | Allocations: 4139)
  Rendered layout layouts/application.html.erb (Duration: 22.8ms | Allocations: 4224)
Completed 500 Internal Server Error in 29ms (ActiveRecord: 0.2ms | Allocations: 5448)


  
ActionView::Template::Error (undefined local variable or method `blague' for #<ActionView::Base:0x0001f70fad4de8>):
    4: 
    5:     <div>Titre :<%= location.titre%> </div>
    6:     <div>Description :<%= location.description%> </div>
    7:     <div><%= link_to "Show", location_path(blague) %> </div>
    8:     <hr>
    9: <% end %>
  
app/views/locations/index.html.erb:7
app/views/locations/index.html.erb:3
Started GET "/locations" for 127.0.0.1 at 2022-02-02 15:52:10 +0100
Processing by LocationsController#index as HTML
  Rendering layout layouts/application.html.erb
  Rendering locations/index.html.erb within layouts/application
  [1m[36mLocation Load (0.2ms)[0m  [1m[34mSELECT "locations".* FROM "locations"[0m
  ↳ app/views/locations/index.html.erb:3
  Rendered locations/index.html.erb within layouts/application (Duration: 9.9ms | Allocations: 971)
[Webpacker] Everything's up-to-date. Nothing to do
  Rendered layout layouts/application.html.erb (Duration: 49.3ms | Allocations: 5716)
Completed 200 OK in 55ms (Views: 53.6ms | ActiveRecord: 0.2ms | Allocations: 6973)


Started GET "/locations/1" for 127.0.0.1 at 2022-02-02 15:52:13 +0100
Processing by LocationsController#show as HTML
  Parameters: {"id"=>"1"}
  [1m[36mLocation Load (0.2ms)[0m  [1m[34mSELECT "locations".* FROM "locations" WHERE "locations"."id" = ? LIMIT ?[0m  [["id", 1], ["LIMIT", 1]]
  ↳ app/controllers/locations_controller.rb:7:in `show'
  Rendering layout layouts/application.html.erb
  Rendering locations/show.html.erb within layouts/application
  Rendered locations/show.html.erb within layouts/application (Duration: 0.5ms | Allocations: 149)
[Webpacker] Everything's up-to-date. Nothing to do
  Rendered layout layouts/application.html.erb (Duration: 36.6ms | Allocations: 4696)
Completed 200 OK in 41ms (Views: 37.6ms | ActiveRecord: 0.2ms | Allocations: 5942)


  [1m[35m (8.6ms)[0m  [1m[34mSELECT sqlite_version(*)[0m
  [1m[35m (0.2ms)[0m  [1m[34mSELECT "schema_migrations"."version" FROM "schema_migrations" ORDER BY "schema_migrations"."version" ASC[0m
  [1m[36mActiveRecord::InternalMetadata Load (0.2ms)[0m  [1m[34mSELECT "ar_internal_metadata".* FROM "ar_internal_metadata" WHERE "ar_internal_metadata"."key" = ? LIMIT ?[0m  [["key", "environment"], ["LIMIT", 1]]
  [1m[35m (0.0ms)[0m  [1m[34mSELECT sqlite_version(*)[0m
  [1m[35m (0.1ms)[0m  [1m[34mSELECT "schema_migrations"."version" FROM "schema_migrations" ORDER BY "schema_migrations"."version" ASC[0m
  [1m[35m (0.4ms)[0m  [1m[34mSELECT sqlite_version(*)[0m
  [1m[36mLocation Load (0.2ms)[0m  [1m[34mSELECT "locations".* FROM "locations" /* loading for inspect */ LIMIT ?[0m  [["LIMIT", 11]]
Started GET "/" for 127.0.0.1 at 2022-02-03 10:10:21 +0100
  [1m[35m (0.4ms)[0m  [1m[34mSELECT sqlite_version(*)[0m
  [1m[35m (0.1ms)[0m  [1m[34mSELECT "schema_migrations"."version" FROM "schema_migrations" ORDER BY "schema_migrations"."version" ASC[0m
Processing by HomeController#index as HTML
  Rendering layout layouts/application.html.erb
  Rendering home/index.html.erb within layouts/application
  Rendered home/index.html.erb within layouts/application (Duration: 8.2ms | Allocations: 402)
[Webpacker] Compiling...
[Webpacker] Compiled all packs in C:/Users/thoma/OneDrive/Documents/Cours/MASTER 2/WEB FULL STACK/airbnb_ruby/public/packs
[Webpacker] Hash: bee57a251308c78393c5
Version: webpack 4.46.0
Time: 746ms
Built at: 2022-02-03 10:10:24
                                     Asset       Size       Chunks                         Chunk Names
    js/application-de40139d376e62241b6d.js    125 KiB  application  [emitted] [immutable]  application
js/application-de40139d376e62241b6d.js.map    139 KiB  application  [emitted] [dev]        application
                             manifest.json  364 bytes               [emitted]              
Entrypoint application = js/application-de40139d376e62241b6d.js js/application-de40139d376e62241b6d.js.map
[./app/javascript/channels sync recursive _channel\.js$] ./app/javascript/channels sync _channel\.js$ 160 bytes {application} [built]
[./app/javascript/channels/index.js] 211 bytes {application} [built]
[./app/javascript/packs/application.js] 492 bytes {application} [built]
[./node_modules/webpack/buildin/module.js] (webpack)/buildin/module.js 552 bytes {application} [built]
    + 3 hidden modules

  Rendered layout layouts/application.html.erb (Duration: 2782.5ms | Allocations: 20254)
Completed 200 OK in 2870ms (Views: 2812.6ms | ActiveRecord: 0.0ms | Allocations: 24591)


Started GET "/" for 127.0.0.1 at 2022-02-03 10:10:32 +0100
Processing by HomeController#index as HTML
  Rendering layout layouts/application.html.erb
  Rendering home/index.html.erb within layouts/application
  Rendered home/index.html.erb within layouts/application (Duration: 0.1ms | Allocations: 41)
[Webpacker] Everything's up-to-date. Nothing to do
  Rendered layout layouts/application.html.erb (Duration: 49.0ms | Allocations: 4524)
Completed 200 OK in 51ms (Views: 49.9ms | ActiveRecord: 0.0ms | Allocations: 5023)


Started GET "/locations" for 127.0.0.1 at 2022-02-03 10:10:37 +0100
Processing by LocationsController#index as HTML
  Rendering layout layouts/application.html.erb
  Rendering locations/index.html.erb within layouts/application
  [1m[36mLocation Load (0.4ms)[0m  [1m[34mSELECT "locations".* FROM "locations"[0m
  ↳ app/views/locations/index.html.erb:3
  Rendered locations/index.html.erb within layouts/application (Duration: 19.2ms | Allocations: 9549)
[Webpacker] Everything's up-to-date. Nothing to do
  Rendered layout layouts/application.html.erb (Duration: 56.4ms | Allocations: 14053)
Completed 200 OK in 64ms (Views: 58.5ms | ActiveRecord: 1.2ms | Allocations: 15374)


Started GET "/locations/2" for 127.0.0.1 at 2022-02-03 10:10:59 +0100
Processing by LocationsController#show as HTML
  Parameters: {"id"=>"2"}
  [1m[36mLocation Load (0.2ms)[0m  [1m[34mSELECT "locations".* FROM "locations" WHERE "locations"."id" = ? LIMIT ?[0m  [["id", 2], ["LIMIT", 1]]
  ↳ app/controllers/locations_controller.rb:7:in `show'
  Rendering layout layouts/application.html.erb
  Rendering locations/show.html.erb within layouts/application
  Rendered locations/show.html.erb within layouts/application (Duration: 0.3ms | Allocations: 153)
[Webpacker] Everything's up-to-date. Nothing to do
  Rendered layout layouts/application.html.erb (Duration: 42.3ms | Allocations: 4634)
Completed 200 OK in 74ms (Views: 43.1ms | ActiveRecord: 0.2ms | Allocations: 8670)


Started GET "/locations/1" for 127.0.0.1 at 2022-02-03 10:11:02 +0100
Processing by LocationsController#show as HTML
  Parameters: {"id"=>"1"}
  [1m[36mLocation Load (0.2ms)[0m  [1m[34mSELECT "locations".* FROM "locations" WHERE "locations"."id" = ? LIMIT ?[0m  [["id", 1], ["LIMIT", 1]]
  ↳ app/controllers/locations_controller.rb:7:in `show'
  Rendering layout layouts/application.html.erb
  Rendering locations/show.html.erb within layouts/application
  Rendered locations/show.html.erb within layouts/application (Duration: 0.1ms | Allocations: 47)
[Webpacker] Everything's up-to-date. Nothing to do
  Rendered layout layouts/application.html.erb (Duration: 38.1ms | Allocations: 4595)
Completed 200 OK in 41ms (Views: 38.8ms | ActiveRecord: 0.2ms | Allocations: 5720)


Started GET "/locations" for 127.0.0.1 at 2022-02-03 10:15:52 +0100
Processing by LocationsController#index as HTML
  Rendering layout layouts/application.html.erb
  Rendering locations/index.html.erb within layouts/application
  [1m[36mLocation Load (0.2ms)[0m  [1m[34mSELECT "locations".* FROM "locations"[0m
  ↳ app/views/locations/index.html.erb:3
  Rendered locations/index.html.erb within layouts/application (Duration: 9.5ms | Allocations: 975)
[Webpacker] Everything's up-to-date. Nothing to do
  Rendered layout layouts/application.html.erb (Duration: 51.5ms | Allocations: 5717)
Completed 200 OK in 57ms (Views: 55.4ms | ActiveRecord: 0.2ms | Allocations: 6984)


Started GET "/locations" for 127.0.0.1 at 2022-02-03 10:22:38 +0100
Processing by LocationsController#index as HTML
  Rendering layout layouts/application.html.erb
  Rendering locations/index.html.erb within layouts/application
  [1m[35m (0.1ms)[0m  [1m[34mSELECT sqlite_version(*)[0m
  ↳ app/views/locations/index.html.erb:3
  [1m[36mLocation Load (0.2ms)[0m  [1m[34mSELECT "locations".* FROM "locations"[0m
  ↳ app/views/locations/index.html.erb:3
  Rendered locations/index.html.erb within layouts/application (Duration: 21.0ms | Allocations: 8474)
[Webpacker] Everything's up-to-date. Nothing to do
  Rendered layout layouts/application.html.erb (Duration: 72.6ms | Allocations: 13183)
Completed 200 OK in 81ms (Views: 78.1ms | ActiveRecord: 0.6ms | Allocations: 14721)


Started GET "/locations" for 127.0.0.1 at 2022-02-03 10:25:18 +0100
Processing by LocationsController#index as HTML
  Rendering layout layouts/application.html.erb
  Rendering locations/index.html.erb within layouts/application
  Rendered locations/index.html.erb within layouts/application (Duration: 59.2ms | Allocations: 6849)
  Rendered layout layouts/application.html.erb (Duration: 59.8ms | Allocations: 6934)
Completed 500 Internal Server Error in 67ms (ActiveRecord: 0.0ms | Allocations: 8169)


  
ActionView::Template::Error (undefined local variable or method `location' for #<ActionView::Base:0x0002509a33f2d8>
Did you mean?  @location):
    1: <h2> Toutes les locations </h2>
    2: <div><%= link_to "Publier une nouvelle annonce", new_location_path(location) %> </div>
    3: <% @location.each do |location| %>
    4: 
    5:     <div>Titre :<%= location.titre%> </div>
  
app/views/locations/index.html.erb:2
Started GET "/locations" for 127.0.0.1 at 2022-02-03 10:25:56 +0100
Processing by LocationsController#index as HTML
  Rendering layout layouts/application.html.erb
  Rendering locations/index.html.erb within layouts/application
  [1m[36mLocation Load (0.2ms)[0m  [1m[34mSELECT "locations".* FROM "locations"[0m
  ↳ app/views/locations/index.html.erb:3
  Rendered locations/index.html.erb within layouts/application (Duration: 13.3ms | Allocations: 1010)
[Webpacker] Everything's up-to-date. Nothing to do
  Rendered layout layouts/application.html.erb (Duration: 60.7ms | Allocations: 5772)
Completed 200 OK in 68ms (Views: 65.4ms | ActiveRecord: 0.2ms | Allocations: 7057)


Started GET "/locations/new" for 127.0.0.1 at 2022-02-03 10:25:58 +0100
Processing by LocationsController#new as HTML
  Rendering layout layouts/application.html.erb
  Rendering locations/new.html.erb within layouts/application
  Rendered locations/new.html.erb within layouts/application (Duration: 4.9ms | Allocations: 117)
[Webpacker] Everything's up-to-date. Nothing to do
  Rendered layout layouts/application.html.erb (Duration: 52.1ms | Allocations: 4660)
Completed 200 OK in 55ms (Views: 52.8ms | ActiveRecord: 0.0ms | Allocations: 5296)


Started GET "/locations" for 127.0.0.1 at 2022-02-03 10:33:44 +0100
Processing by LocationsController#index as HTML
  Rendering layout layouts/application.html.erb
  Rendering locations/index.html.erb within layouts/application
  [1m[35m (0.1ms)[0m  [1m[34mSELECT sqlite_version(*)[0m
  ↳ app/views/locations/index.html.erb:3
  [1m[36mLocation Load (0.1ms)[0m  [1m[34mSELECT "locations".* FROM "locations"[0m
  ↳ app/views/locations/index.html.erb:3
  Rendered locations/index.html.erb within layouts/application (Duration: 9.6ms | Allocations: 8581)
[Webpacker] Everything's up-to-date. Nothing to do
  Rendered layout layouts/application.html.erb (Duration: 51.2ms | Allocations: 13287)
Completed 200 OK in 58ms (Views: 55.7ms | ActiveRecord: 0.5ms | Allocations: 14876)


Started GET "/locations/new" for 127.0.0.1 at 2022-02-03 10:33:47 +0100
Processing by LocationsController#new as HTML
  Rendering layout layouts/application.html.erb
  Rendering locations/new.html.erb within layouts/application
  Rendered locations/new.html.erb within layouts/application (Duration: 101.1ms | Allocations: 5893)
[Webpacker] Everything's up-to-date. Nothing to do
  Rendered layout layouts/application.html.erb (Duration: 147.7ms | Allocations: 10432)
Completed 200 OK in 150ms (Views: 148.5ms | ActiveRecord: 0.0ms | Allocations: 11103)


Started POST "/locations" for 127.0.0.1 at 2022-02-03 10:33:50 +0100
Processing by LocationsController#create as HTML
  Parameters: {"authenticity_token"=>"[FILTERED]", "location"=>{"nom"=>"", "contenu"=>""}, "commit"=>"Publier l'annonce"}
  [1m[36mTRANSACTION (0.0ms)[0m  [1m[36mbegin transaction[0m
  ↳ app/controllers/locations_controller.rb:14:in `create'
  [1m[36mLocation Create (1.1ms)[0m  [1m[32mINSERT INTO "locations" ("created_at", "updated_at") VALUES (?, ?)[0m  [["created_at", "2022-02-03 09:33:50.483612"], ["updated_at", "2022-02-03 09:33:50.483612"]]
  ↳ app/controllers/locations_controller.rb:14:in `create'
  [1m[36mTRANSACTION (3.0ms)[0m  [1m[36mcommit transaction[0m
  ↳ app/controllers/locations_controller.rb:14:in `create'
No template found for LocationsController#create, rendering head :no_content
Completed 204 No Content in 17ms (ActiveRecord: 4.1ms | Allocations: 3922)


Started GET "/locations/new" for 127.0.0.1 at 2022-02-03 10:34:23 +0100
Processing by LocationsController#new as HTML
  Rendering layout layouts/application.html.erb
  Rendering locations/new.html.erb within layouts/application
  Rendered locations/new.html.erb within layouts/application (Duration: 12.8ms | Allocations: 905)
[Webpacker] Everything's up-to-date. Nothing to do
  Rendered layout layouts/application.html.erb (Duration: 60.5ms | Allocations: 5646)
Completed 200 OK in 67ms (Views: 64.8ms | ActiveRecord: 0.0ms | Allocations: 6915)


Started POST "/locations" for 127.0.0.1 at 2022-02-03 10:34:29 +0100
Processing by LocationsController#create as HTML
  Parameters: {"authenticity_token"=>"[FILTERED]", "location"=>{"titre"=>"zrtzerzrzert", "description"=>"zertzertzer"}, "commit"=>"Publier l'annonce"}
  [1m[36mTRANSACTION (0.0ms)[0m  [1m[36mbegin transaction[0m
  ↳ app/controllers/locations_controller.rb:14:in `create'
  [1m[36mLocation Create (0.7ms)[0m  [1m[32mINSERT INTO "locations" ("created_at", "updated_at") VALUES (?, ?)[0m  [["created_at", "2022-02-03 09:34:29.083516"], ["updated_at", "2022-02-03 09:34:29.083516"]]
  ↳ app/controllers/locations_controller.rb:14:in `create'
  [1m[36mTRANSACTION (2.7ms)[0m  [1m[36mcommit transaction[0m
  ↳ app/controllers/locations_controller.rb:14:in `create'
No template found for LocationsController#create, rendering head :no_content
Completed 204 No Content in 16ms (ActiveRecord: 3.4ms | Allocations: 3709)


Started GET "/locations" for 127.0.0.1 at 2022-02-03 10:34:35 +0100
Processing by LocationsController#index as HTML
  Rendering layout layouts/application.html.erb
  Rendering locations/index.html.erb within layouts/application
  [1m[36mLocation Load (0.1ms)[0m  [1m[34mSELECT "locations".* FROM "locations"[0m
  ↳ app/views/locations/index.html.erb:3
  Rendered locations/index.html.erb within layouts/application (Duration: 2.2ms | Allocations: 1054)
[Webpacker] Everything's up-to-date. Nothing to do
  Rendered layout layouts/application.html.erb (Duration: 37.7ms | Allocations: 5596)
Completed 200 OK in 41ms (Views: 38.4ms | ActiveRecord: 0.1ms | Allocations: 6239)


Started GET "/locations/3" for 127.0.0.1 at 2022-02-03 10:34:43 +0100
Processing by LocationsController#show as HTML
  Parameters: {"id"=>"3"}
  [1m[36mLocation Load (0.3ms)[0m  [1m[34mSELECT "locations".* FROM "locations" WHERE "locations"."id" = ? LIMIT ?[0m  [["id", 3], ["LIMIT", 1]]
  ↳ app/controllers/locations_controller.rb:7:in `show'
  Rendering layout layouts/application.html.erb
  Rendering locations/show.html.erb within layouts/application
  Rendered locations/show.html.erb within layouts/application (Duration: 0.6ms | Allocations: 143)
[Webpacker] Everything's up-to-date. Nothing to do
  Rendered layout layouts/application.html.erb (Duration: 35.7ms | Allocations: 4686)
Completed 200 OK in 40ms (Views: 36.6ms | ActiveRecord: 0.3ms | Allocations: 6073)


Started GET "/locations" for 127.0.0.1 at 2022-02-03 10:39:04 +0100
Processing by LocationsController#index as HTML
  Rendering layout layouts/application.html.erb
  Rendering locations/index.html.erb within layouts/application
  [1m[35m (0.0ms)[0m  [1m[34mSELECT sqlite_version(*)[0m
  ↳ app/views/locations/index.html.erb:3
  [1m[36mLocation Load (0.2ms)[0m  [1m[34mSELECT "locations".* FROM "locations"[0m
  ↳ app/views/locations/index.html.erb:3
  Rendered locations/index.html.erb within layouts/application (Duration: 10.6ms | Allocations: 9265)
[Webpacker] Everything's up-to-date. Nothing to do
  Rendered layout layouts/application.html.erb (Duration: 56.5ms | Allocations: 13773)
Completed 200 OK in 59ms (Views: 57.5ms | ActiveRecord: 1.2ms | Allocations: 14699)


Started GET "/locations/new" for 127.0.0.1 at 2022-02-03 10:39:05 +0100
Processing by LocationsController#new as HTML
  Rendering layout layouts/application.html.erb
  Rendering locations/new.html.erb within layouts/application
  Rendered locations/new.html.erb within layouts/application (Duration: 0.9ms | Allocations: 629)
[Webpacker] Everything's up-to-date. Nothing to do
  Rendered layout layouts/application.html.erb (Duration: 39.7ms | Allocations: 5169)
Completed 200 OK in 41ms (Views: 40.4ms | ActiveRecord: 0.0ms | Allocations: 5691)


Started POST "/locations" for 127.0.0.1 at 2022-02-03 10:39:10 +0100
Processing by LocationsController#create as HTML
  Parameters: {"authenticity_token"=>"[FILTERED]", "location"=>{"titre"=>"qsdvqsd", "description"=>"qsdfqsdfqsdf"}, "commit"=>"Publier l'annonce"}
Completed 500 Internal Server Error in 1ms (ActiveRecord: 0.0ms | Allocations: 703)


  
ActiveModel::ForbiddenAttributesError (ActiveModel::ForbiddenAttributesError):
  
app/controllers/locations_controller.rb:14:in `create'
Started POST "/locations" for 127.0.0.1 at 2022-02-03 10:42:22 +0100
Processing by LocationsController#create as HTML
  Parameters: {"authenticity_token"=>"[FILTERED]", "location"=>{"titre"=>"qsdvqsd", "description"=>"qsdfqsdfqsdf"}, "commit"=>"Publier l'annonce"}
[31mUnpermitted parameters: :titre, :description[0m
  [1m[35m (0.1ms)[0m  [1m[34mSELECT sqlite_version(*)[0m
  ↳ app/controllers/locations_controller.rb:14:in `create'
  [1m[36mTRANSACTION (0.0ms)[0m  [1m[36mbegin transaction[0m
  ↳ app/controllers/locations_controller.rb:16:in `create'
  [1m[36mLocation Create (0.9ms)[0m  [1m[32mINSERT INTO "locations" ("created_at", "updated_at") VALUES (?, ?)[0m  [["created_at", "2022-02-03 09:42:22.866641"], ["updated_at", "2022-02-03 09:42:22.866641"]]
  ↳ app/controllers/locations_controller.rb:16:in `create'
  [1m[36mTRANSACTION (2.7ms)[0m  [1m[36mcommit transaction[0m
  ↳ app/controllers/locations_controller.rb:16:in `create'
Redirected to http://127.0.0.1:3000/locations
Completed 302 Found in 21ms (ActiveRecord: 4.6ms | Allocations: 11067)


Started GET "/locations" for 127.0.0.1 at 2022-02-03 10:42:22 +0100
Processing by LocationsController#index as HTML
  Rendering layout layouts/application.html.erb
  Rendering locations/index.html.erb within layouts/application
  [1m[36mLocation Load (0.2ms)[0m  [1m[34mSELECT "locations".* FROM "locations"[0m
  ↳ app/views/locations/index.html.erb:3
  Rendered locations/index.html.erb within layouts/application (Duration: 2.0ms | Allocations: 963)
[Webpacker] Everything's up-to-date. Nothing to do
  Rendered layout layouts/application.html.erb (Duration: 40.9ms | Allocations: 5509)
Completed 200 OK in 43ms (Views: 41.9ms | ActiveRecord: 0.2ms | Allocations: 6156)


Started GET "/locations/new" for 127.0.0.1 at 2022-02-03 10:42:26 +0100
Processing by LocationsController#new as HTML
  Rendering layout layouts/application.html.erb
  Rendering locations/new.html.erb within layouts/application
  Rendered locations/new.html.erb within layouts/application (Duration: 0.9ms | Allocations: 629)
[Webpacker] Everything's up-to-date. Nothing to do
  Rendered layout layouts/application.html.erb (Duration: 38.8ms | Allocations: 5169)
Completed 200 OK in 40ms (Views: 39.6ms | ActiveRecord: 0.0ms | Allocations: 5691)


Started POST "/locations" for 127.0.0.1 at 2022-02-03 10:42:33 +0100
Processing by LocationsController#create as HTML
  Parameters: {"authenticity_token"=>"[FILTERED]", "location"=>{"titre"=>"qsrfgzerzert", "description"=>"zertzertze"}, "commit"=>"Publier l'annonce"}
[31mUnpermitted parameters: :titre, :description[0m
  [1m[36mTRANSACTION (0.0ms)[0m  [1m[36mbegin transaction[0m
  ↳ app/controllers/locations_controller.rb:16:in `create'
  [1m[36mLocation Create (1.1ms)[0m  [1m[32mINSERT INTO "locations" ("created_at", "updated_at") VALUES (?, ?)[0m  [["created_at", "2022-02-03 09:42:33.526656"], ["updated_at", "2022-02-03 09:42:33.526656"]]
  ↳ app/controllers/locations_controller.rb:16:in `create'
  [1m[36mTRANSACTION (2.8ms)[0m  [1m[36mcommit transaction[0m
  ↳ app/controllers/locations_controller.rb:16:in `create'
Redirected to http://127.0.0.1:3000/locations
Completed 302 Found in 10ms (ActiveRecord: 3.9ms | Allocations: 2488)


Started GET "/locations" for 127.0.0.1 at 2022-02-03 10:42:33 +0100
Processing by LocationsController#index as HTML
  Rendering layout layouts/application.html.erb
  Rendering locations/index.html.erb within layouts/application
  [1m[36mLocation Load (0.2ms)[0m  [1m[34mSELECT "locations".* FROM "locations"[0m
  ↳ app/views/locations/index.html.erb:3
  Rendered locations/index.html.erb within layouts/application (Duration: 2.0ms | Allocations: 941)
[Webpacker] Everything's up-to-date. Nothing to do
  Rendered layout layouts/application.html.erb (Duration: 40.1ms | Allocations: 5484)
Completed 200 OK in 41ms (Views: 40.7ms | ActiveRecord: 0.2ms | Allocations: 5988)


Started GET "/locations" for 127.0.0.1 at 2022-02-03 10:43:24 +0100
Processing by LocationsController#index as HTML
  Rendering layout layouts/application.html.erb
  Rendering locations/index.html.erb within layouts/application
  [1m[35m (0.0ms)[0m  [1m[34mSELECT sqlite_version(*)[0m
  ↳ app/views/locations/index.html.erb:3
  [1m[36mLocation Load (0.1ms)[0m  [1m[34mSELECT "locations".* FROM "locations"[0m
  ↳ app/views/locations/index.html.erb:3
  Rendered locations/index.html.erb within layouts/application (Duration: 10.1ms | Allocations: 9321)
[Webpacker] Everything's up-to-date. Nothing to do
  Rendered layout layouts/application.html.erb (Duration: 44.7ms | Allocations: 13827)
Completed 200 OK in 48ms (Views: 45.8ms | ActiveRecord: 1.0ms | Allocations: 14753)


Started GET "/locations/new" for 127.0.0.1 at 2022-02-03 10:43:26 +0100
Processing by LocationsController#new as HTML
  Rendering layout layouts/application.html.erb
  Rendering locations/new.html.erb within layouts/application
  Rendered locations/new.html.erb within layouts/application (Duration: 0.9ms | Allocations: 629)
[Webpacker] Everything's up-to-date. Nothing to do
  Rendered layout layouts/application.html.erb (Duration: 49.8ms | Allocations: 5171)
Completed 200 OK in 52ms (Views: 51.0ms | ActiveRecord: 0.0ms | Allocations: 5693)


Started POST "/locations" for 127.0.0.1 at 2022-02-03 10:43:32 +0100
Processing by LocationsController#create as HTML
  Parameters: {"authenticity_token"=>"[FILTERED]", "location"=>{"titre"=>"qsrgzerzze", "description"=>"zertzert"}, "commit"=>"Publier l'annonce"}
  [1m[36mTRANSACTION (0.0ms)[0m  [1m[36mbegin transaction[0m
  ↳ app/controllers/locations_controller.rb:16:in `create'
  [1m[36mLocation Create (0.7ms)[0m  [1m[32mINSERT INTO "locations" ("titre", "description", "created_at", "updated_at") VALUES (?, ?, ?, ?)[0m  [["titre", "qsrgzerzze"], ["description", "zertzert"], ["created_at", "2022-02-03 09:43:32.061694"], ["updated_at", "2022-02-03 09:43:32.061694"]]
  ↳ app/controllers/locations_controller.rb:16:in `create'
  [1m[36mTRANSACTION (2.8ms)[0m  [1m[36mcommit transaction[0m
  ↳ app/controllers/locations_controller.rb:16:in `create'
Redirected to http://127.0.0.1:3000/locations
Completed 302 Found in 9ms (ActiveRecord: 3.5ms | Allocations: 2516)


Started GET "/locations" for 127.0.0.1 at 2022-02-03 10:43:32 +0100
Processing by LocationsController#index as HTML
  Rendering layout layouts/application.html.erb
  Rendering locations/index.html.erb within layouts/application
  [1m[36mLocation Load (0.1ms)[0m  [1m[34mSELECT "locations".* FROM "locations"[0m
  ↳ app/views/locations/index.html.erb:3
  Rendered locations/index.html.erb within layouts/application (Duration: 2.2ms | Allocations: 977)
[Webpacker] Everything's up-to-date. Nothing to do
  Rendered layout layouts/application.html.erb (Duration: 40.0ms | Allocations: 5518)
Completed 200 OK in 41ms (Views: 40.7ms | ActiveRecord: 0.1ms | Allocations: 6022)


Started GET "/locations" for 127.0.0.1 at 2022-02-03 10:46:20 +0100
Processing by LocationsController#index as HTML
  Rendering layout layouts/application.html.erb
  Rendering locations/index.html.erb within layouts/application
  [1m[35m (0.1ms)[0m  [1m[34mSELECT sqlite_version(*)[0m
  ↳ app/views/locations/index.html.erb:3
  [1m[36mLocation Load (0.2ms)[0m  [1m[34mSELECT "locations".* FROM "locations"[0m
  ↳ app/views/locations/index.html.erb:3
  Rendered locations/index.html.erb within layouts/application (Duration: 11.8ms | Allocations: 9358)
[Webpacker] Everything's up-to-date. Nothing to do
  Rendered layout layouts/application.html.erb (Duration: 58.1ms | Allocations: 13866)
Completed 200 OK in 69ms (Views: 59.3ms | ActiveRecord: 1.1ms | Allocations: 14960)


Started GET "/locations/new" for 127.0.0.1 at 2022-02-03 10:46:21 +0100
Processing by LocationsController#new as HTML
  Rendering layout layouts/application.html.erb
  Rendering locations/new.html.erb within layouts/application
  Rendered locations/new.html.erb within layouts/application (Duration: 1.6ms | Allocations: 629)
[Webpacker] Everything's up-to-date. Nothing to do
  Rendered layout layouts/application.html.erb (Duration: 54.5ms | Allocations: 5169)
Completed 200 OK in 58ms (Views: 57.2ms | ActiveRecord: 0.0ms | Allocations: 5691)


Started POST "/locations" for 127.0.0.1 at 2022-02-03 10:46:23 +0100
Processing by LocationsController#create as HTML
  Parameters: {"authenticity_token"=>"[FILTERED]", "location"=>{"titre"=>"", "description"=>""}, "commit"=>"Publier l'annonce"}
Completed 500 Internal Server Error in 12ms (ActiveRecord: 0.0ms | Allocations: 4781)


  
NoMethodError (undefined method `descripù' for #<Location:0x000002509aa24fa8>
Did you mean?  description):
  
app/controllers/locations_controller.rb:16:in `create'
Started GET "/locations/new" for 127.0.0.1 at 2022-02-03 10:46:53 +0100
Processing by LocationsController#new as HTML
  [1m[35m (0.1ms)[0m  [1m[34mSELECT sqlite_version(*)[0m
  ↳ app/controllers/locations_controller.rb:10:in `new'
  Rendering layout layouts/application.html.erb
  Rendering locations/new.html.erb within layouts/application
  Rendered locations/new.html.erb within layouts/application (Duration: 0.9ms | Allocations: 639)
[Webpacker] Everything's up-to-date. Nothing to do
  Rendered layout layouts/application.html.erb (Duration: 48.2ms | Allocations: 5144)
Completed 200 OK in 68ms (Views: 49.3ms | ActiveRecord: 1.4ms | Allocations: 14470)


Started POST "/locations" for 127.0.0.1 at 2022-02-03 10:46:55 +0100
Processing by LocationsController#create as HTML
  Parameters: {"authenticity_token"=>"[FILTERED]", "location"=>{"titre"=>"", "description"=>""}, "commit"=>"Publier l'annonce"}
  Rendering layout layouts/application.html.erb
  Rendering locations/new.html.erb within layouts/application
  Rendered locations/new.html.erb within layouts/application (Duration: 2.4ms | Allocations: 2630)
[Webpacker] Everything's up-to-date. Nothing to do
  Rendered layout layouts/application.html.erb (Duration: 39.2ms | Allocations: 7092)
Completed 200 OK in 41ms (Views: 40.0ms | ActiveRecord: 0.0ms | Allocations: 8226)


Started POST "/locations" for 127.0.0.1 at 2022-02-03 10:47:01 +0100
Processing by LocationsController#create as HTML
  Parameters: {"authenticity_token"=>"[FILTERED]", "location"=>{"titre"=>"", "description"=>""}, "commit"=>"Publier l'annonce"}
  Rendering layout layouts/application.html.erb
  Rendering locations/new.html.erb within layouts/application
  Rendered locations/new.html.erb within layouts/application (Duration: 7.2ms | Allocations: 2527)
[Webpacker] Everything's up-to-date. Nothing to do
  Rendered layout layouts/application.html.erb (Duration: 42.0ms | Allocations: 6991)
Completed 200 OK in 44ms (Views: 42.8ms | ActiveRecord: 0.0ms | Allocations: 8088)


Started POST "/locations" for 127.0.0.1 at 2022-02-03 10:47:02 +0100
Processing by LocationsController#create as HTML
  Parameters: {"authenticity_token"=>"[FILTERED]", "location"=>{"titre"=>"", "description"=>""}, "commit"=>"Publier l'annonce"}
  Rendering layout layouts/application.html.erb
  Rendering locations/new.html.erb within layouts/application
  Rendered locations/new.html.erb within layouts/application (Duration: 2.3ms | Allocations: 2527)
[Webpacker] Everything's up-to-date. Nothing to do
  Rendered layout layouts/application.html.erb (Duration: 41.2ms | Allocations: 6989)
Completed 200 OK in 43ms (Views: 42.0ms | ActiveRecord: 0.0ms | Allocations: 8086)


Started POST "/locations" for 127.0.0.1 at 2022-02-03 10:47:02 +0100
Processing by LocationsController#create as HTML
  Parameters: {"authenticity_token"=>"[FILTERED]", "location"=>{"titre"=>"", "description"=>""}, "commit"=>"Publier l'annonce"}
  Rendering layout layouts/application.html.erb
  Rendering locations/new.html.erb within layouts/application
  Rendered locations/new.html.erb within layouts/application (Duration: 2.2ms | Allocations: 2527)
[Webpacker] Everything's up-to-date. Nothing to do
  Rendered layout layouts/application.html.erb (Duration: 38.1ms | Allocations: 6990)
Completed 200 OK in 40ms (Views: 39.0ms | ActiveRecord: 0.0ms | Allocations: 8088)


Started POST "/locations" for 127.0.0.1 at 2022-02-03 10:47:02 +0100
Processing by LocationsController#create as HTML
  Parameters: {"authenticity_token"=>"[FILTERED]", "location"=>{"titre"=>"", "description"=>""}, "commit"=>"Publier l'annonce"}
  Rendering layout layouts/application.html.erb
  Rendering locations/new.html.erb within layouts/application
  Rendered locations/new.html.erb within layouts/application (Duration: 2.4ms | Allocations: 2527)
[Webpacker] Everything's up-to-date. Nothing to do
  Rendered layout layouts/application.html.erb (Duration: 51.1ms | Allocations: 7021)
Completed 200 OK in 53ms (Views: 52.0ms | ActiveRecord: 0.0ms | Allocations: 8116)


